[    0.000000] Linux version 4.15.0-212-generic (buildd@lcy02-amd64-083) (gcc version 7.5.0 (Ubuntu 7.5.0-3ubuntu1~18.04)) #223-Ubuntu SMP Tue May 23 13:09:22 UTC 2023 (Ubuntu 4.15.0-212.223-generic 4.15.18)
[    0.000000] Command line: BOOT_IMAGE=/boot/vmlinuz-4.15.0-212-generic root=LABEL=cloudimg-rootfs ro console=tty1 console=ttyS0
[    0.000000] KERNEL supported cpus:
[    0.000000]   Intel GenuineIntel
[    0.000000]   AMD AuthenticAMD
[    0.000000]   Centaur CentaurHauls
[    0.000000] x86/fpu: Supporting XSAVE feature 0x001: 'x87 floating point registers'
[    0.000000] x86/fpu: Supporting XSAVE feature 0x002: 'SSE registers'
[    0.000000] x86/fpu: Supporting XSAVE feature 0x004: 'AVX registers'
[    0.000000] x86/fpu: xstate_offset[2]:  576, xstate_sizes[2]:  256
[    0.000000] x86/fpu: Enabled xstate features 0x7, context size is 832 bytes, using 'standard' format.
[    0.000000] e820: BIOS-provided physical RAM map:
[    0.000000] BIOS-e820: [mem 0x0000000000000000-0x000000000009fbff] usable
[    0.000000] BIOS-e820: [mem 0x000000000009fc00-0x000000000009ffff] reserved
[    0.000000] BIOS-e820: [mem 0x00000000000f0000-0x00000000000fffff] reserved
[    0.000000] BIOS-e820: [mem 0x0000000000100000-0x000000001ffeffff] usable
[    0.000000] BIOS-e820: [mem 0x000000001fff0000-0x000000001fffffff] ACPI data
[    0.000000] BIOS-e820: [mem 0x00000000fec00000-0x00000000fec00fff] reserved
[    0.000000] BIOS-e820: [mem 0x00000000fee00000-0x00000000fee00fff] reserved
[    0.000000] BIOS-e820: [mem 0x00000000fffc0000-0x00000000ffffffff] reserved
[    0.000000] NX (Execute Disable) protection: active
[    0.000000] SMBIOS 2.5 present.
[    0.000000] DMI: innotek GmbH VirtualBox/VirtualBox, BIOS VirtualBox 12/01/2006
[    0.000000] Hypervisor detected: KVM
[    0.000000] e820: last_pfn = 0x1fff0 max_arch_pfn = 0x400000000
[    0.000000] MTRR: Disabled
[    0.000000] x86/PAT: MTRRs disabled, skipping PAT initialization too.
[    0.000000] CPU MTRRs all blank - virtualized system.
[    0.000000] x86/PAT: Configuration [0-7]: WB  WT  UC- UC  WB  WT  UC- UC  
[    0.000000] found SMP MP-table at [mem 0x0009fff0-0x0009ffff]
[    0.000000] Scanning 1 areas for low memory corruption
[    0.000000] RAMDISK: [mem 0x1db01000-0x1ee12fff]
[    0.000000] ACPI: Early table checksum verification disabled
[    0.000000] ACPI: RSDP 0x00000000000E0000 000024 (v02 VBOX  )
[    0.000000] ACPI: XSDT 0x000000001FFF0030 00003C (v01 VBOX   VBOXXSDT 00000001 ASL  00000061)
[    0.000000] ACPI: FACP 0x000000001FFF00F0 0000F4 (v04 VBOX   VBOXFACP 00000001 ASL  00000061)
[    0.000000] ACPI: DSDT 0x000000001FFF0610 002353 (v02 VBOX   VBOXBIOS 00000002 INTL 20200925)
[    0.000000] ACPI: FACS 0x000000001FFF0200 000040
[    0.000000] ACPI: FACS 0x000000001FFF0200 000040
[    0.000000] ACPI: APIC 0x000000001FFF0240 000054 (v02 VBOX   VBOXAPIC 00000001 ASL  00000061)
[    0.000000] ACPI: SSDT 0x000000001FFF02A0 00036C (v01 VBOX   VBOXCPUT 00000002 INTL 20200925)
[    0.000000] ACPI: Reserving FACP table memory at [mem 0x1fff00f0-0x1fff01e3]
[    0.000000] ACPI: Reserving DSDT table memory at [mem 0x1fff0610-0x1fff2962]
[    0.000000] ACPI: Reserving FACS table memory at [mem 0x1fff0200-0x1fff023f]
[    0.000000] ACPI: Reserving FACS table memory at [mem 0x1fff0200-0x1fff023f]
[    0.000000] ACPI: Reserving APIC table memory at [mem 0x1fff0240-0x1fff0293]
[    0.000000] ACPI: Reserving SSDT table memory at [mem 0x1fff02a0-0x1fff060b]
[    0.000000] No NUMA configuration found
[    0.000000] Faking a node at [mem 0x0000000000000000-0x000000001ffeffff]
[    0.000000] NODE_DATA(0) allocated [mem 0x1ffc5000-0x1ffeffff]
[    0.000000] kvm-clock: cpu 0, msr 0:1ff44001, primary cpu clock
[    0.000000] kvm-clock: Using msrs 4b564d01 and 4b564d00
[    0.000000] kvm-clock: using sched offset of 3014862772 cycles
[    0.000000] clocksource: kvm-clock: mask: 0xffffffffffffffff max_cycles: 0x1cd42e4dffb, max_idle_ns: 881590591483 ns
[    0.000000] Zone ranges:
[    0.000000]   DMA      [mem 0x0000000000001000-0x0000000000ffffff]
[    0.000000]   DMA32    [mem 0x0000000001000000-0x000000001ffeffff]
[    0.000000]   Normal   empty
[    0.000000]   Device   empty
[    0.000000] Movable zone start for each node
[    0.000000] Early memory node ranges
[    0.000000]   node   0: [mem 0x0000000000001000-0x000000000009efff]
[    0.000000]   node   0: [mem 0x0000000000100000-0x000000001ffeffff]
[    0.000000] Reserved but unavailable: 104 pages
[    0.000000] Initmem setup node 0 [mem 0x0000000000001000-0x000000001ffeffff]
[    0.000000] ACPI: PM-Timer IO Port: 0x4008
[    0.000000] IOAPIC[0]: apic_id 1, version 32, address 0xfec00000, GSI 0-23
[    0.000000] ACPI: INT_SRC_OVR (bus 0 bus_irq 0 global_irq 2 dfl dfl)
[    0.000000] ACPI: INT_SRC_OVR (bus 0 bus_irq 9 global_irq 9 low level)
[    0.000000] Using ACPI (MADT) for SMP configuration information
[    0.000000] smpboot: Allowing 1 CPUs, 0 hotplug CPUs
[    0.000000] PM: Registered nosave memory: [mem 0x00000000-0x00000fff]
[    0.000000] PM: Registered nosave memory: [mem 0x0009f000-0x0009ffff]
[    0.000000] PM: Registered nosave memory: [mem 0x000a0000-0x000effff]
[    0.000000] PM: Registered nosave memory: [mem 0x000f0000-0x000fffff]
[    0.000000] e820: [mem 0x20000000-0xfebfffff] available for PCI devices
[    0.000000] Booting paravirtualized kernel on KVM
[    0.000000] clocksource: refined-jiffies: mask: 0xffffffff max_cycles: 0xffffffff, max_idle_ns: 7645519600211568 ns
[    0.000000] setup_percpu: NR_CPUS:8192 nr_cpumask_bits:1 nr_cpu_ids:1 nr_node_ids:1
[    0.000000] percpu: Embedded 50 pages/cpu s167936 r8192 d28672 u2097152
[    0.000000] PV qspinlock hash table entries: 256 (order: 0, 4096 bytes)
[    0.000000] Built 1 zonelists, mobility grouping on.  Total pages: 128889
[    0.000000] Policy zone: DMA32
[    0.000000] Kernel command line: BOOT_IMAGE=/boot/vmlinuz-4.15.0-212-generic root=LABEL=cloudimg-rootfs ro console=tty1 console=ttyS0
[    0.000000] Memory: 466748K/523832K available (12300K kernel code, 2477K rwdata, 4324K rodata, 2480K init, 2720K bss, 57084K reserved, 0K cma-reserved)
[    0.000000] SLUB: HWalign=64, Order=0-3, MinObjects=0, CPUs=1, Nodes=1
[    0.000000] Kernel/User page tables isolation: enabled
[    0.000000] ftrace: allocating 39508 entries in 155 pages
[    0.004000] Hierarchical RCU implementation.
[    0.004000] 	RCU restricting CPUs from NR_CPUS=8192 to nr_cpu_ids=1.
[    0.004000] 	Tasks RCU enabled.
[    0.004000] RCU: Adjusting geometry for rcu_fanout_leaf=16, nr_cpu_ids=1
[    0.004000] NR_IRQS: 524544, nr_irqs: 256, preallocated irqs: 16
[    0.004000] random: crng init done
[    0.004000] Console: colour VGA+ 80x25
[    0.004000] console [tty1] enabled
[    0.004000] console [ttyS0] enabled
[    0.004000] ACPI: Core revision 20170831
[    0.004000] ACPI: 2 ACPI AML tables successfully acquired and loaded
[    0.004000] APIC: Switch to symmetric I/O mode setup
[    0.004000] x2apic enabled
[    0.004000] Switched APIC routing to physical x2apic.
[    0.004000] ..TIMER: vector=0x30 apic1=0 pin1=2 apic2=-1 pin2=-1
[    0.004004] tsc: Detected 2693.764 MHz processor
[    0.004769] Calibrating delay loop (skipped) preset value.. 5387.52 BogoMIPS (lpj=10775056)
[    0.005450] pid_max: default: 32768 minimum: 301
[    0.006265] Security Framework initialized
[    0.008004] Yama: becoming mindful.
[    0.008630] AppArmor: AppArmor initialized
[    0.009460] Dentry cache hash table entries: 65536 (order: 7, 524288 bytes)
[    0.010667] Inode-cache hash table entries: 32768 (order: 6, 262144 bytes)
[    0.011791] Mount-cache hash table entries: 1024 (order: 1, 8192 bytes)
[    0.012008] Mountpoint-cache hash table entries: 1024 (order: 1, 8192 bytes)
[    0.013787] process: using mwait in idle threads
[    0.014590] Last level iTLB entries: 4KB 1024, 2MB 1024, 4MB 1024
[    0.016003] Last level dTLB entries: 4KB 1024, 2MB 1024, 4MB 1024, 1GB 4
[    0.017082] Spectre V1 : Mitigation: usercopy/swapgs barriers and __user pointer sanitization
[    0.018510] Spectre V2 : Mitigation: Retpolines
[    0.020002] Spectre V2 : Spectre v2 / SpectreRSB mitigation: Filling RSB on context switch
[    0.021368] Spectre V2 : Spectre v2 / SpectreRSB : Filling RSB on VMEXIT
[    0.022471] Speculative Store Bypass: Vulnerable
[    0.023294] MDS: Mitigation: Clear CPU buffers
[    0.024001] MMIO Stale Data: Unknown: No mitigations
[    0.024865] SRBDS: Unknown: Dependent on hypervisor status
[    0.033504] Freeing SMP alternatives memory: 36K
[    0.144784] smpboot: CPU0: Intel(R) Core(TM) i7-4600U CPU @ 2.10GHz (family: 0x6, model: 0x45, stepping: 0x1)
[    0.146704] Performance Events: unsupported p6 CPU model 69 no PMU driver, software events only.
[    0.148000] Hierarchical SRCU implementation.
[    0.148508] NMI watchdog: Perf event create on CPU 0 failed with -2
[    0.149666] NMI watchdog: Perf NMI watchdog permanently disabled
[    0.150774] smp: Bringing up secondary CPUs ...
[    0.152003] smp: Brought up 1 node, 1 CPU
[    0.152819] smpboot: Max logical packages: 1
[    0.153660] smpboot: Total of 1 processors activated (5387.52 BogoMIPS)
[    0.154952] devtmpfs: initialized
[    0.156051] x86/mm: Memory block size: 128MB
[    0.156995] evm: security.selinux
[    0.157697] evm: security.SMACK64
[    0.158364] evm: security.SMACK64EXEC
[    0.159139] evm: security.SMACK64TRANSMUTE
[    0.160000] evm: security.SMACK64MMAP
[    0.160005] evm: security.apparmor
[    0.160710] evm: security.ima
[    0.161367] evm: security.capability
[    0.162720] clocksource: jiffies: mask: 0xffffffff max_cycles: 0xffffffff, max_idle_ns: 7645041785100000 ns
[    0.164016] futex hash table entries: 256 (order: 2, 16384 bytes)
[    0.165017] pinctrl core: initialized pinctrl subsystem
[    0.165966] RTC time:  7:59:15, date: 10/13/23
[    0.166785] NET: Registered protocol family 16
[    0.168078] audit: initializing netlink subsys (disabled)
[    0.169104] cpuidle: using governor ladder
[    0.169837] cpuidle: using governor menu
[    0.170602] ACPI: bus type PCI registered
[    0.171308] acpiphp: ACPI Hot Plug PCI Controller Driver version: 0.5
[    0.172082] PCI: Using configuration type 1 for base access
[    0.173077] audit: type=2000 audit(1697183959.615:1): state=initialized audit_enabled=0 res=1
[    0.176200] HugeTLB registered 2.00 MiB page size, pre-allocated 0 pages
[    0.177434] ACPI: Added _OSI(Module Device)
[    0.178298] ACPI: Added _OSI(Processor Device)
[    0.180012] ACPI: Added _OSI(3.0 _SCP Extensions)
[    0.180925] ACPI: Added _OSI(Processor Aggregator Device)
[    0.181979] ACPI: Added _OSI(Linux-Dell-Video)
[    0.182824] ACPI: Added _OSI(Linux-Lenovo-NV-HDMI-Audio)
[    0.183794] ACPI: Added _OSI(Linux-HPI-Hybrid-Graphics)
[    0.184256] ACPI: Executed 1 blocks of module-level executable AML code
[    0.189121] ACPI: Interpreter enabled
[    0.189849] ACPI: (supports S0 S5)
[    0.190570] ACPI: Using IOAPIC for interrupt routing
[    0.191737] PCI: Using host bridge windows from ACPI; if necessary, use "pci=nocrs" and report a bug
[    0.192142] ACPI: Enabled 2 GPEs in block 00 to 07
[    0.199869] ACPI: PCI Root Bridge [PCI0] (domain 0000 [bus 00-ff])
[    0.200007] acpi PNP0A03:00: _OSC: OS supports [ASPM ClockPM Segments MSI]
[    0.201673] acpi PNP0A03:00: _OSC: not requesting OS control; OS requires [ExtendedConfig ASPM ClockPM MSI]
[    0.203403] acpi PNP0A03:00: fail to add MMCONFIG information, can't access extended PCI configuration space under this bridge.
[    0.204324] PCI host bridge to bus 0000:00
[    0.205135] pci_bus 0000:00: root bus resource [io  0x0000-0x0cf7 window]
[    0.208004] pci_bus 0000:00: root bus resource [io  0x0d00-0xffff window]
[    0.209355] pci_bus 0000:00: root bus resource [mem 0x000a0000-0x000bffff window]
[    0.211944] pci_bus 0000:00: root bus resource [mem 0x20000000-0xfdffffff window]
[    0.212006] pci_bus 0000:00: root bus resource [bus 00-ff]
[    0.216884] pci 0000:00:01.1: legacy IDE quirk: reg 0x10: [io  0x01f0-0x01f7]
[    0.218196] pci 0000:00:01.1: legacy IDE quirk: reg 0x14: [io  0x03f6]
[    0.219366] pci 0000:00:01.1: legacy IDE quirk: reg 0x18: [io  0x0170-0x0177]
[    0.220004] pci 0000:00:01.1: legacy IDE quirk: reg 0x1c: [io  0x0376]
[    0.230479] pci 0000:00:07.0: quirk: [io  0x4000-0x403f] claimed by PIIX4 ACPI
[    0.232006] pci 0000:00:07.0: quirk: [io  0x4100-0x410f] claimed by PIIX4 SMB
[    0.243477] ACPI: PCI Interrupt Link [LNKA] (IRQs 5 9 10 *11)
[    0.244377] ACPI: PCI Interrupt Link [LNKB] (IRQs 5 9 *10 11)
[    0.245886] ACPI: PCI Interrupt Link [LNKC] (IRQs 5 *9 10 11)
[    0.247171] ACPI: PCI Interrupt Link [LNKD] (IRQs 5 9 10 *11)
[    0.248288] SCSI subsystem initialized
[    0.249024] pci 0000:00:02.0: vgaarb: setting as boot VGA device
[    0.250014] pci 0000:00:02.0: vgaarb: VGA device added: decodes=io+mem,owns=io+mem,locks=none
[    0.252005] pci 0000:00:02.0: vgaarb: bridge control possible
[    0.252958] vgaarb: loaded
[    0.253503] ACPI: bus type USB registered
[    0.254192] usbcore: registered new interface driver usbfs
[    0.255106] usbcore: registered new interface driver hub
[    0.256013] usbcore: registered new device driver usb
[    0.256919] EDAC MC: Ver: 3.0.0
[    0.257707] PCI: Using ACPI for IRQ routing
[    0.258671] NetLabel: Initializing
[    0.259254] NetLabel:  domain hash size = 128
[    0.260002] NetLabel:  protocols = UNLABELED CIPSOv4 CALIPSO
[    0.261049] NetLabel:  unlabeled traffic allowed by default
[    0.262910] clocksource: Switched to clocksource kvm-clock
[    0.268685] VFS: Disk quotas dquot_6.6.0
[    0.270313] VFS: Dquot-cache hash table entries: 512 (order 0, 4096 bytes)
[    0.271651] AppArmor: AppArmor Filesystem Enabled
[    0.272548] pnp: PnP ACPI init
[    0.274049] pnp: PnP ACPI: found 3 devices
[    0.281334] clocksource: acpi_pm: mask: 0xffffff max_cycles: 0xffffff, max_idle_ns: 2085701024 ns
[    0.283066] NET: Registered protocol family 2
[    0.283960] IP idents hash table entries: 8192 (order: 4, 65536 bytes)
[    0.285358] TCP established hash table entries: 4096 (order: 3, 32768 bytes)
[    0.286645] TCP bind hash table entries: 4096 (order: 4, 65536 bytes)
[    0.287805] TCP: Hash tables configured (established 4096 bind 4096)
[    0.289021] UDP hash table entries: 256 (order: 1, 8192 bytes)
[    0.290113] UDP-Lite hash table entries: 256 (order: 1, 8192 bytes)
[    0.292461] NET: Registered protocol family 1
[    0.293828] pci 0000:00:00.0: Limiting direct PCI/PCI transfers
[    0.295472] pci 0000:00:01.0: Activating ISA DMA hang workarounds
[    0.296642] pci 0000:00:02.0: Video device with shadowed ROM at [mem 0x000c0000-0x000dffff]
[    0.298302] Unpacking initramfs...
[    0.579235] Freeing initrd memory: 19528K
[    0.580036] clocksource: tsc: mask: 0xffffffffffffffff max_cycles: 0x26d43bb7f27, max_idle_ns: 440795270902 ns
[    0.581706] platform rtc_cmos: registered platform RTC device (no PNP device found)
[    0.582991] Scanning for low memory corruption every 60 seconds
[    0.584332] Initialise system trusted keyrings
[    0.585129] Key type blacklist registered
[    0.585874] workingset: timestamp_bits=36 max_order=17 bucket_order=0
[    0.587711] zbud: loaded
[    0.588481] squashfs: version 4.0 (2009/01/31) Phillip Lougher
[    0.589555] fuse init (API version 7.26)
[    0.590772] Key type asymmetric registered
[    0.591643] Asymmetric key parser 'x509' registered
[    0.593210] Block layer SCSI generic (bsg) driver version 0.4 loaded (major 246)
[    0.594724] io scheduler noop registered
[    0.595475] io scheduler deadline registered
[    0.596341] io scheduler cfq registered (default)
[    0.597470] ACPI: AC Adapter [AC] (on-line)
[    0.598355] input: Power Button as /devices/LNXSYSTM:00/LNXPWRBN:00/input/input0
[    0.599717] ACPI: Power Button [PWRF]
[    0.600659] input: Sleep Button as /devices/LNXSYSTM:00/LNXSLPBN:00/input/input1
[    0.602019] ACPI: Sleep Button [SLPF]
[    0.603714] ACPI: Battery Slot [BAT0] (battery present)
[    0.604780] Serial: 8250/16550 driver, 32 ports, IRQ sharing enabled
[    0.626851] 00:02: ttyS0 at I/O 0x3f8 (irq = 4, base_baud = 115200) is a 16550A
[    0.630999] Linux agpgart interface v0.103
[    0.632577] loop: module loaded
[    0.633573] scsi host0: ata_piix
[    0.634288] scsi host1: ata_piix
[    0.634974] ata1: PATA max UDMA/33 cmd 0x1f0 ctl 0x3f6 bmdma 0xd000 irq 14
[    0.636225] ata2: PATA max UDMA/33 cmd 0x170 ctl 0x376 bmdma 0xd008 irq 15
[    0.637811] tun: Universal TUN/TAP device driver, 1.6
[    0.638799] PPP generic driver version 2.4.2
[    0.639670] ehci_hcd: USB 2.0 'Enhanced' Host Controller (EHCI) Driver
[    0.640933] ehci-pci: EHCI PCI platform driver
[    0.641904] ehci-platform: EHCI generic platform driver
[    0.643604] ohci_hcd: USB 1.1 'Open' Host Controller (OHCI) Driver
[    0.644915] ohci-pci: OHCI PCI platform driver
[    0.645747] ohci-platform: OHCI generic platform driver
[    0.646599] uhci_hcd: USB Universal Host Controller Interface driver
[    0.647659] i8042: PNP: PS/2 Controller [PNP0303:PS2K,PNP0f03:PS2M] at 0x60,0x64 irq 1,12
[    0.649413] serio: i8042 KBD port at 0x60,0x64 irq 1
[    0.650288] serio: i8042 AUX port at 0x60,0x64 irq 12
[    0.651187] mousedev: PS/2 mouse device common for all mice
[    0.652363] input: AT Translated Set 2 keyboard as /devices/platform/i8042/serio0/input/input2
[    0.654105] rtc_cmos rtc_cmos: rtc core: registered rtc_cmos as rtc0
[    0.655205] rtc_cmos rtc_cmos: alarms up to one day, 114 bytes nvram
[    0.656260] i2c /dev entries driver
[    0.656937] device-mapper: uevent: version 1.0.3
[    0.657918] device-mapper: ioctl: 4.37.0-ioctl (2017-09-20) initialised: dm-devel@redhat.com
[    0.659398] ledtrig-cpu: registered to indicate activity on CPUs
[    0.661295] NET: Registered protocol family 10
[    0.664591] Segment Routing with IPv6
[    0.665330] NET: Registered protocol family 17
[    0.666243] Key type dns_resolver registered
[    0.667184] mce: Using 0 MCE banks
[    0.667900] RAS: Correctable Errors collector initialized.
[    0.669027] sched_clock: Marking stable (668999627, 0)->(813058359, -144058732)
[    0.670459] registered taskstats version 1
[    0.671270] Loading compiled-in X.509 certificates
[    0.673805] Loaded X.509 cert 'Build time autogenerated kernel key: b5b26778eaa3ab3a4a6cee031137706e947d12ad'
[    0.676469] Loaded X.509 cert 'Canonical Ltd. Live Patch Signing: 14df34d1a87cf37625abec039ef2bf521249b969'
[    0.678920] Loaded X.509 cert 'Canonical Ltd. Kernel Module Signing: 88f752e560a1e0737e31163a466ad7b70a850c19'
[    0.680691] blacklist: Loading compiled-in revocation X.509 certificates
[    0.681982] Loaded X.509 cert 'Canonical Ltd. Secure Boot Signing: 61482aa2830d0ab2ad5af10b7250da9033ddcef0'
[    0.683768] Loaded X.509 cert 'Canonical Ltd. Secure Boot Signing (2017): 242ade75ac4a15e50d50c84b0d45ff3eae707a03'
[    0.685652] Loaded X.509 cert 'Canonical Ltd. Secure Boot Signing (ESM 2018): 365188c1d374d6b07c3c8f240f8ef722433d6a8b'
[    0.687586] Loaded X.509 cert 'Canonical Ltd. Secure Boot Signing (2019): c0746fd6c5da3ae827864651ad66ae47fe24b3e8'
[    0.689541] Loaded X.509 cert 'Canonical Ltd. Secure Boot Signing (2021 v1): a8d54bbb3825cfb94fa13c9f8a594a195c107b8d'
[    0.691508] Loaded X.509 cert 'Canonical Ltd. Secure Boot Signing (2021 v2): 4cf046892d6fd3c9a5b03f98d845f90851dc6a8c'
[    0.693549] Loaded X.509 cert 'Canonical Ltd. Secure Boot Signing (2021 v3): 100437bb6de6e469b581e61cd66bce3ef4ed53af'
[    0.695873] Loaded X.509 cert 'Canonical Ltd. Secure Boot Signing (Ubuntu Core 2019): c1d57b8f6b743f23ee41f4f7ee292f06eecadfb9'
[    0.697906] zswap: loaded using pool lzo/zbud
[    0.700917] Key type big_key registered
[    0.701721] Key type trusted registered
[    0.703401] Key type encrypted registered
[    0.704242] AppArmor: AppArmor sha1 policy hashing enabled
[    0.705266] ima: No TPM chip found, activating TPM-bypass! (rc=-19)
[    0.706443] ima: Allocated hash algorithm: sha1
[    0.707320] evm: HMAC attrs: 0x1
[    0.708396]   Magic number: 11:185:976
[    0.709369] rtc_cmos rtc_cmos: setting system clock to 2023-10-13 07:59:15 UTC (1697183955)
[    0.711300] BIOS EDD facility v0.16 2004-Jun-25, 0 devices found
[    0.712490] EDD information not available.
[    0.820450] Freeing unused kernel image memory: 2480K
[    0.828139] Write protecting the kernel read-only data: 20480k
[    0.829905] Freeing unused kernel image memory: 2008K
[    0.831061] Freeing unused kernel image memory: 1820K
[    0.837492] x86/mm: Checked W+X mappings: passed, no W+X pages found.
[    0.838698] x86/mm: Checking user space page tables
[    0.845718] x86/mm: Checked W+X mappings: passed, no W+X pages found.
Loading, please wait...
starting version 237
[    0.936408] e1000: Intel(R) PRO/1000 Network Driver - version 7.3.21-k8-NAPI
[    0.937818] e1000: Copyright (c) 1999-2006 Intel Corporation.
[    0.946611] Fusion MPT base driver 3.04.20
[    0.947505] Copyright (c) 1999-2008 LSI Corporation
[    0.962713] Fusion MPT SPI Host driver 3.04.20
[    0.978697] AVX2 version of gcm_enc/dec engaged.
[    0.979684] AES CTR mode by8 optimization enabled
[    1.164432] input: ImExPS/2 Generic Explorer Mouse as /devices/platform/i8042/serio1/input/input4
[    1.331689] e1000 0000:00:03.0 eth0: (PCI:33MHz:32-bit) 02:3b:7b:b7:3b:2d
[    1.332973] e1000 0000:00:03.0 eth0: Intel(R) PRO/1000 Network Connection
[    1.334882] mptbase: ioc0: Initiating bringup
[    1.440462] ioc0: LSI53C1030 A0: Capabilities={Initiator}
[    1.681616] scsi host2: ioc0: LSI53C1030 A0, FwRev=00000000h, Ports=1, MaxQ=256, IRQ=20
[    1.848581] scsi 2:0:0:0: Direct-Access     VBOX     HARDDISK         1.0  PQ: 0 ANSI: 5
[    1.850909] scsi target2:0:0: Beginning Domain Validation
[    1.853512] scsi target2:0:0: Domain Validation skipping write tests
[    1.854561] scsi target2:0:0: Ending Domain Validation
[    1.855462] scsi target2:0:0: asynchronous
[    1.856674] scsi 2:0:1:0: Direct-Access     VBOX     HARDDISK         1.0  PQ: 0 ANSI: 5
[    1.858073] scsi target2:0:1: Beginning Domain Validation
[    1.859467] scsi target2:0:1: Domain Validation skipping write tests
[    1.861149] scsi target2:0:1: Ending Domain Validation
[    1.862238] scsi target2:0:1: asynchronous
[    1.866385] sd 2:0:0:0: [sda] 83886080 512-byte logical blocks: (42.9 GB/40.0 GiB)
[    1.867933] sd 2:0:0:0: [sda] Write Protect is off
[    1.868962] sd 2:0:0:0: Attached scsi generic sg0 type 0
[    1.869916] sd 2:0:0:0: [sda] Incomplete mode parameter data
[    1.870874] sd 2:0:0:0: [sda] Assuming drive cache: write through
[    1.872378] sd 2:0:1:0: [sdb] 20480 512-byte logical blocks: (10.5 MB/10.0 MiB)
[    1.873886] sd 2:0:1:0: [sdb] Write Protect is off
[    1.874825] sd 2:0:1:0: [sdb] Incomplete mode parameter data
[    1.875776] sd 2:0:1:0: [sdb] Assuming drive cache: write through
[    1.876974] sd 2:0:1:0: Attached scsi generic sg1 type 0
[    1.879128]  sda: sda1
[    1.880181] sd 2:0:0:0: [sda] Attached SCSI disk
[    1.882207] sd 2:0:1:0: [sdb] Attached SCSI disk
[    2.215776] e1000 0000:00:08.0 eth1: (PCI:33MHz:32-bit) 08:00:27:43:45:7d
[    2.217117] e1000 0000:00:08.0 eth1: Intel(R) PRO/1000 Network Connection
[    2.569678] e1000 0000:00:09.0 eth2: (PCI:33MHz:32-bit) 08:00:27:f1:16:77
[    2.571065] e1000 0000:00:09.0 eth2: Intel(R) PRO/1000 Network Connection
[    2.923367] e1000 0000:00:0a.0 eth3: (PCI:33MHz:32-bit) 08:00:27:4c:2b:95
[    2.924646] e1000 0000:00:0a.0 eth3: Intel(R) PRO/1000 Network Connection
[    2.926963] e1000 0000:00:08.0 enp0s8: renamed from eth1
[    2.949661] e1000 0000:00:03.0 enp0s3: renamed from eth0
[    2.968529] e1000 0000:00:09.0 enp0s9: renamed from eth2
[    2.970775] e1000 0000:00:0a.0 enp0s10: renamed from eth3
Begin: Loading essential drivers ... [    4.392460] raid6: sse2x1   gen() 11524 MB/s
[    4.456803] raid6: sse2x1   xor()  8176 MB/s
[    4.521504] raid6: sse2x2   gen() 13787 MB/s
[    4.585929] raid6: sse2x2   xor()  8778 MB/s
[    4.650219] raid6: sse2x4   gen() 16239 MB/s
[    4.714017] raid6: sse2x4   xor() 10111 MB/s
[    4.780285] raid6: avx2x1   gen() 19604 MB/s
[    4.840023] raid6: avx2x1   xor() 10803 MB/s
[    4.897443] raid6: avx2x2   gen() 23756 MB/s
[    4.969493] raid6: avx2x2   xor() 18586 MB/s
[    5.033748] raid6: avx2x4   gen() 29389 MB/s
[    5.098042] raid6: avx2x4   xor() 18529 MB/s
[    5.098973] raid6: using algorithm avx2x4 gen() 29389 MB/s
[    5.099889] raid6: .... xor() 18529 MB/s, rmw enabled
[    5.100736] raid6: using avx2x2 recovery algorithm
[    5.103311] xor: automatically using best checksumming function   avx       
[    5.106748] async_tx: api initialized (async)
done.
Begin: Running /scripts/init-premount ... done.
Begin: Mounting root file system ... Begin: Running /scripts/local-top ... done.
Begin: Running /scripts/local-premount ... [    5.157037] Btrfs loaded, crc32c=crc32c-intel
Scanning for Btrfs filesystems
done.
Warning: fsck not present, so skipping root file system
[    5.182868] EXT4-fs (sda1): mounted filesystem with ordered data mode. Opts: (null)
done.
Begin: Running /scripts/local-bottom ... done.
Begin: Running /scripts/init-bottom ... done.
[    5.364230] ip_tables: (C) 2000-2006 Netfilter Core Team
[    5.375131] systemd[1]: systemd 237 running in system mode. (+PAM +AUDIT +SELINUX +IMA +APPARMOR +SMACK +SYSVINIT +UTMP +LIBCRYPTSETUP +GCRYPT +GNUTLS +ACL +XZ +LZ4 +SECCOMP +BLKID +ELFUTILS +KMOD -IDN2 +IDN -PCRE2 default-hierarchy=hybrid)
[    5.379046] systemd[1]: Detected virtualization oracle.
[    5.379974] systemd[1]: Detected architecture x86-64.

Welcome to [1mUbuntu 18.04.6 LTS[0m!

[    5.383743] systemd[1]: Set hostname to <ubuntu>.
[    5.386106] systemd[1]: Initializing machine ID from random generator.
[    5.387638] systemd[1]: Installed transient /etc/machine-id file.
[    5.619202] systemd[1]: Reached target User and Group Name Lookups.
[[0;32m  OK  [0m] Reached target User and Group Name Lookups.
[    5.621405] systemd[1]: Reached target System Time Synchronized.
[[0;32m  OK  [0m] Reached target System Time Synchronized.
[    5.623840] systemd[1]: Created slice System Slice.
[[0;32m  OK  [0m] Created slice System Slice.
[    5.625579] systemd[1]: Listening on Network Service Netlink Socket.
[[0;32m  OK  [0m] Listening on Network Service Netlink Socket.
[[0;32m  OK  [0m] Listening on LVM2 poll daemon socket.
[[0;32m  OK  [0m] Listening on udev Control Socket.
[[0;32m  OK  [0m] Created slice system-serial\x2dgetty.slice.
[[0;32m  OK  [0m] Listening on Journal Socket.
         Mounting POSIX Message Queue File System...
         Starting Set the console keyboard layout...
         Mounting Huge Pages File System...
[[0;32m  OK  [0m] Listening on Journal Socket (/dev/log).
[[0;32m  OK  [0m] Listening on Syslog Socket.
[[0;32m  OK  [0m] Listening on LVM2 metadata daemon socket.
         Starting Load Kernel Modules...
[[0;32m  OK  [0m] Reached target Swap.
[[0;32m  OK  [0m] Listening on Device-mapper event daemon FIFOs.
         Starting Monitoring of LVM2 mirrors…ng dmeventd or progress polling...
[[0;32m  OK  [0m] Listening on fsck to fsckd communication Socket.
         Starting File System Check on Root Device...
[[0;32m  OK  [0m] Reached target Mounting snaps.
[[0;32m  OK  [0m] Created slice User and Session Slice.
[[0;32m  OK  [0m] Reached target Slices.
         Starting Uncomplicated firewall...
[[0;32m  OK  [0m] Set up automount Arbitrary Executab…rmats File System Automount Point.
[    5.666891] Loading iSCSI transport class v2.0-870.
[    5.672942] iscsi: registered transport (tcp)
[    5.688962] iscsi: registered transport (iser)
[[0;32m  OK  [0m] Started Forward Password Requests to Wall Directory Watch.
         Starting Create list of required st…ce nodes for the current kernel...
[[0;32m  OK  [0m] Listening on udev Kernel Socket.
         Starting udev Coldplug all Devices...
[[0;32m  OK  [0m] Listening on Journal Audit Socket.
         Starting Journal Service...
[[0;32m  OK  [0m] Reached target Mounted snaps.
[[0;32m  OK  [0m] Listening on /dev/initctl Compatibility Named Pipe.
         Mounting Kernel Debug File System...
[[0;32m  OK  [0m] Mounted POSIX Message Queue File System.
[[0;32m  OK  [0m] Mounted Huge Pages File System.
[[0;32m  OK  [0m] Started Load Kernel Modules.
[[0;32m  OK  [0m] Started Uncomplicated firewall.
[[0;32m  OK  [0m] Started Create list of required sta…vice nodes for the current kernel.
[[0;32m  OK  [0m] Mounted Kernel Debug File System.
[[0;32m  OK  [0m] Started File System Check Daemon to report status.
[[0;32m  OK  [0m] Started LVM2 metadata daemon.
         Starting Create Static Device Nodes in /dev...
         Mounting FUSE Control File System...
         Starting Apply Kernel Variables...
         Mounting Kernel Configuration File System...
[[0;32m  OK  [0m] Mounted Kernel Configuration File System.
[[0;32m  OK  [0m] Mounted FUSE Control File System.
[[0;32m  OK  [0m] Started udev Coldplug all Devices.
[[0;32m  OK  [0m] Started Create Static Device Nodes in /dev.
[[0;32m  OK  [0m] Started Journal Service.
[[0;32m  OK  [0m] Started File System Check on Root Device.
         Starting Remount Root and Kernel File Systems...
[[0;32m  OK  [0m] Started Apply Kernel Variables.
[[0;32m  OK  [0m] Started Monitoring of LVM2 mirrors,…sing dmeventd or progress polling.
[[0;32m  OK  [0m] Started Remount Root and Kernel File Systems.
         Starting Load/Save Random Seed...
         Starting udev Kernel Device Manager...
         Starting Flush Journal to Persistent Storage...
[[0;32m  OK  [0m] Started Load/Save Random Seed.
[[0;32m  OK  [0m] Started udev Kernel Device Manager.
[[0;32m  OK  [0m] Started Flush Journal to Persistent Storage.
[[0;32m  OK  [0m] Found device /dev/ttyS0.
[[0;32m  OK  [0m] Listening on Load/Save RF Kill Switch Status /dev/rfkill Watch.
         Mounting Arbitrary Executable File Formats File System...
[[0;32m  OK  [0m] Mounted Arbitrary Executable File Formats File System.
[[0;32m  OK  [0m] Started Set the console keyboard layout.
[[0;32m  OK  [0m] Reached target Local File Systems (Pre).
[[0;32m  OK  [0m] Reached target Local File Systems.
         Starting Commit a transient machine-id on disk...
         Starting AppArmor initialization...
         Starting Set console font and keymap...
         Starting ebtables ruleset management...
         Starting Create Volatile Files and Directories...
         Starting Tell Plymouth To Write Out Runtime Data...
[[0;32m  OK  [0m] Started Dispatch Password Requests to Console Directory Watch.
[[0;32m  OK  [0m] Reached target Local Encrypted Volumes.
[[0;32m  OK  [0m] Started Commit a transient machine-id on disk.
[[0;32m  OK  [0m] Started Tell Plymouth To Write Out Runtime Data.
[[0;32m  OK  [0m] Started Create Volatile Files and Directories.
         Starting Update UTMP about System Boot/Shutdown...
[[0;32m  OK  [0m] Started Update UTMP about System Boot/Shutdown.
[[0;32m  OK  [0m] Started ebtables ruleset management.
[[0;32m  OK  [0m] Started AppArmor initialization.
         Starting Initial cloud-init job (pre-networking)...
         Starting Load AppArmor profiles managed internally by snapd...
[[0;32m  OK  [0m] Started Load AppArmor profiles managed internally by snapd.
[[0;32m  OK  [0m] Started Set console font and keymap.
[   10.347939] cloud-init[769]: Cloud-init v. 23.1.2-0ubuntu0~18.04.1 running 'init-local' at Fri, 13 Oct 2023 07:59:24 +0000. Up 10.05 seconds.
[[0;32m  OK  [0m] Started Initial cloud-init job (pre-networking).
[[0;32m  OK  [0m] Reached target Network (Pre).
         Starting Network Service...
[[0;32m  OK  [0m] Started Network Service.
         Starting Network Name Resolution...
         Starting Wait for Network to be Configured...
[[0;32m  OK  [0m] Started Network Name Resolution.
[[0;32m  OK  [0m] Reached target Host and Network Name Lookups.
[[0;32m  OK  [0m] Reached target Network.
[[0;32m  OK  [0m] Started Wait for Network to be Configured.
         Starting Initial cloud-init job (metadata service crawler)...
[   12.398070] cloud-init[889]: Cloud-init v. 23.1.2-0ubuntu0~18.04.1 running 'init' at Fri, 13 Oct 2023 07:59:27 +0000. Up 12.25 seconds.
[   12.399525] cloud-init[889]: ci-info: +++++++++++++++++++++++++++++++++++++++Net device info+++++++++++++++++++++++++++++++++++++++
[   12.401674] cloud-init[889]: ci-info: +---------+-------+----------------------------+---------------+--------+-------------------+
[   12.406004] cloud-init[889]: ci-info: |  Device |   Up  |          Address           |      Mask     | Scope  |     Hw-Address    |
[   12.407994] cloud-init[889]: ci-info: +---------+-------+----------------------------+---------------+--------+-------------------+
[   12.414338] cloud-init[889]: ci-info: | enp0s10 | False |             .              |       .       |   .    | 08:00:27:4c:2b:95 |
[   12.416119] cloud-init[889]: ci-info: |  enp0s3 |  True |         10.0.2.15          | 255.255.255.0 | global | 02:3b:7b:b7:3b:2d |
[   12.417962] cloud-init[889]: ci-info: |  enp0s3 |  True | fe80::3b:7bff:feb7:3b2d/64 |       .       |  link  | 02:3b:7b:b7:3b:2d |
[   12.420217] cloud-init[889]: ci-info: |  enp0s8 | False |             .              |       .       |   .    | 08:00:27:43:45:7d |
[   12.422286] cloud-init[889]: ci-info: |  enp0s9 | False |             .              |       .       |   .    | 08:00:27:f1:16:77 |
[   12.423478] cloud-init[889]: ci-info: |    lo   |  True |         127.0.0.1          |   255.0.0.0   |  host  |         .         |
[   12.426993] cloud-init[889]: ci-info: |    lo   |  True |          ::1/128           |       .       |  host  |         .         |
[   12.428237] cloud-init[889]: ci-info: +---------+-------+----------------------------+---------------+--------+-------------------+
[   12.432269] cloud-init[889]: ci-info: ++++++++++++++++++++++++++++Route IPv4 info+++++++++++++++++++++++++++++
[   12.433178] cloud-init[889]: ci-info: +-------+-------------+----------+-----------------+-----------+-------+
[   12.444306] cloud-init[889]: ci-info: | Route | Destination | Gateway  |     Genmask     | Interface | Flags |
[   12.445511] cloud-init[889]: ci-info: +-------+-------------+----------+-----------------+-----------+-------+
[   12.446795] cloud-init[889]: ci-info: |   0   |   0.0.0.0   | 10.0.2.2 |     0.0.0.0     |   enp0s3  |   UG  |
[   12.448171] cloud-init[889]: ci-info: |   1   |   10.0.2.0  | 0.0.0.0  |  255.255.255.0  |   enp0s3  |   U   |
[   12.450525] cloud-init[889]: ci-info: |   2   |   10.0.2.2  | 0.0.0.0  | 255.255.255.255 |   enp0s3  |   UH  |
[   12.456293] cloud-init[889]: ci-info: +-------+-------------+----------+-----------------+-----------+-------+
[   12.457352] cloud-init[889]: ci-info: +++++++++++++++++++Route IPv6 info+++++++++++++++++++
[   12.458347] cloud-init[889]: ci-info: +-------+-------------+---------+-----------+-------+
[   12.459385] cloud-init[889]: ci-info: | Route | Destination | Gateway | Interface | Flags |
[   12.460435] cloud-init[889]: ci-info: +-------+-------------+---------+-----------+-------+
[   12.472332] cloud-init[889]: ci-info: |   1   |  fe80::/64  |    ::   |   enp0s3  |   U   |
[   12.473472] cloud-init[889]: ci-info: |   3   |    local    |    ::   |   enp0s3  |   U   |
[   12.474637] cloud-init[889]: ci-info: |   4   |   ff00::/8  |    ::   |   enp0s3  |   U   |
[   12.478902] cloud-init[889]: ci-info: +-------+-------------+---------+-----------+-------+
[   13.323869] cloud-init[889]: Generating public/private rsa key pair.
[   13.324956] cloud-init[889]: Your identification has been saved in /etc/ssh/ssh_host_rsa_key.
[   13.326207] cloud-init[889]: Your public key has been saved in /etc/ssh/ssh_host_rsa_key.pub.
[   13.343313] cloud-init[889]: The key fingerprint is:
[   13.344361] cloud-init[889]: SHA256:PT5IiFCNNxSG7iVdIDLe0y2U2Yt3pQKUEc+pO8Sf9Ac root@ubuntu-bionic
[   13.362493] cloud-init[889]: The key's randomart image is:
[   13.379243] cloud-init[889]: +---[RSA 2048]----+
[   13.395921] cloud-init[889]: |  o o*XX         |
[[0;32m  OK  [0m] Started Initial cloud-init job (metadata service crawler).[   13.412571] cloud-init[889]: | . =o=O+o.  .    |
[   13.413361] cloud-init[889]: |  o.ooo==. o     |
[   13.414143] cloud-init[889]: |   .o++++.o      |
[   13.414948] cloud-init[889]: |   ..o=.SoE      |
[   13.415740] cloud-init
[[0;32m  OK  [0m] Reached target System Initialization.
[[0;32m  OK  [0m] Started Discard unused blocks once a week.
[[0;32m  OK  [0m] Listening on UUID daemon activation socket.
[[0;32m  OK  [0m] Listening on Open-iSCSI iscsid Socket.
         Starting LXD - unix socket.
[[0;32m  OK  [0m] Started Daily apt download activities.
[[0;32m  OK  [0m] Started Daily apt upgrade and clean activities.[889]: |    .. = = o     |

[[0;32m  OK  [0m] Listening on D-Bus System Message Bus Socket.
[[0;32m  OK  [0m] Started Daily Cleanup of Temporary Directories.
[[0;32m  OK  [0m] Started ACPI Events Check.
[[0;32m  OK  [0m] Reached target Paths.
[[0;32m  OK  [0m] Listening on cloud-init hotplug hook socket.
         Starting Socket activation for snappy daemon.
[   13.435458] cloud-init[889]: |      o + + .    |
[[0;32m  OK  [0m] Started Message of the Day.
[[0;32m  OK  [0m] Listening on ACPID Listen Socket.
[[0;32m  OK  [0m] Started Ubuntu Advantage Timer for running repeated jobs.
[[0;32m  OK  [0m] Reached target Timers.
[[0;32m  OK  [0m[   13.441098] cloud-init[889]: |       .   o     |
[   13.441868] cloud-init[889]: |                 |
[   13.442702] cloud-init[889]: +----[SHA256]-----+
[   13.443548] cloud-init[889]: Generating public/private dsa key pair.] Reached target Network is Online.
         Starting Availability of block devices...
[[0;32m  OK  [0m] Reached target Remote File Systems (Pre).

[   13.454410] cloud-init[889]: Your identification has been saved in /etc/ssh/ssh_host_dsa_key.[[0;32m  OK  [0m] Reached target Remote File Systems.
[[0;32m  OK  [0m] Reached target Cloud-config availability.
[[0;32m  OK  [0m] Listening on LXD - unix socket.
[[0;32m  OK  [0m] Listening on Socket activation for snappy daemon.
[[0;32m  OK  [0m] Started Availability of block devices.
[[0;32m  OK  [0m] Reached target Sockets.
[[0;32m  OK  [0m] Reached target Basic System.
[   13.468965] cloud-init[889]: Your public key has been saved in /etc/ssh/ssh_host_dsa_key.pub.
[   13.470071] cloud-init[889]: The key fingerprint is:
[   13.470753] cloud-init[889]: SHA256:MdwzG44tUTH8+T02PRucYPEc88IRsfj5xJxGJ11R7K8 root@ubuntu-bionic
[   13.471923] 
         Starting Login Service...
[[0;32m  OK  [0m] Started irqbalance daemon.
cloud-init[889]: The key's randomart image is:
[[0;32m  OK  [0m] Started D-Bus System Message Bus.
[   13.490751] cloud-init[889]: +---[DSA 1024]----+
[   13.491800] cloud-init[889]: |         .+.  o==|
[   13.492534] cloud-init[889]: |       . o.. o.=o|
[   13.495555] cloud-init[889]: |        = =..o*+*|
[   13.514944] cloud-init[889]: |         B =o++B=|
[   13.515708] cloud-init[889]: |        S + ..==B|
[   13.517408]          Starting Virtualbox guest utils...
         Starting System Logging Service...
cloud-init[889]: |         .    o@+|
[   13.523661] cloud-init[889]: |              ..B|
         Starting Accounts Service...[   13.532385] cloud-init[889]: |              E. |
[   13.532928] cloud-init[889]: |                 |
[   13.533541] cloud-init[889]: +----[SHA256]-----+
[   13.534159] cloud-init[889]: Generating public/private ecdsa key pair.
[   13.535108] cloud-init[889]: Your identification has been saved in /etc/ssh/ssh_host_ecdsa_key.

[   13.548455] cloud-init[889]: Your public key has been saved in /etc/ssh/ssh_host_ecdsa_key.pub.
[   13.557937] cloud-init[889]: The key fingerprint is:
[   13.560639] cloud-init[889]: SHA256:x+RSz0AlWqWmq5Rwv4C/SGGeDYPyPgNfGXIa0Ddq6u0 root@ubuntu-bionic
[   13.563918] cloud-init[889]: The key's randomart image is:
[   13.566939] cloud-init[889]: +---[ECDSA 256]---+
[   13.584913] cloud-init[889]: | .        +oo    |
[   13.591255] cloud-init[889]: |. . o    + o     |
[   13.593170] cloud-init[889]: | . o .  . *      |
[   13.593919] cloud-init[889]: |  =.o    B +     |
[   13.596053] cloud-init[889]: |.o.=*o. S + o    |
[   13.598856] [[0;32m  OK  [0m] Started Regular background program processing daemon.
         Starting Dispatcher daemon for systemd-networkd...
         Starting LSB: automatic crash report generation...
cloud-init[889]: |oo.ooX o +       |
[[0;32m  OK  [0m] Started FUSE filesystem for LXC.
         Starting LSB: Record successful boot for GRUB...
[[0;32m  OK  [0m] Reached target Login Prompts (Pre).
[   13.627327] cloud-init[889]: |.oo.= = o        |
[   13.638715] cloud-init[889]: | o+o + o .       |
[   13.650393] cloud-init         Starting Pollinate to seed the pseudo random number generator...
[889]: [[0;32m  OK  [0m] Started Deferred execution scheduler.
         Starting Permit User Sessions...
         Starting LXD - container startup/shutdown...
         Starting Snap Daemon...
[[0;32m  OK  [0m] Started System Logging Service.
|  oE. +..        |
[   13.694584] cloud-init[[0;32m  OK  [0m] Started Login Service.
[889]: +----[SHA256]-----+
[   13.701689] cloud-init[889]: Generating public/private ed25519 key pair.
[   13.710477] cloud-init[889]: Your identification has been saved in /etc/ssh/ssh_host_ed25519_key.
[   13.727612] cloud-init[889]: Your public key has been saved in /etc/ssh/ssh_host_ed25519_key.pub.
[   13.734369] cloud-init[889]: The key fingerprint is:
[   13.753932] cloud-init[889]: SHA256:8N2LoWIaJtdd7DSyhnTW9ybVjun3BFbYVkqa4plMVD0 root@ubuntu-bionic
[   13.760571] cloud-init[889]: The key's randomart image is:
[   13.762661] cloud-init[889]: +--[ED25519 256]--+
[   13.764393] cloud-init[889]: |          ..... .|
[   13.765533] cloud-init[889]: |         .   +E+.|
[   13.776459] cloud-init[889]: |      .   o o o.+|
[   13.804405] cloud-init[889]: |       o B =   + |
[   13.806032] cloud-init[889]: |      . S & o + .|
[   13.823943] cloud-init[889]: |     o = B = = = |
[[   13.840441] cloud-init[889]: |  . + = = o o = o|
[   13.841058] cloud-init[889]: |   + + o     + ..|
[0;32m  OK  [0m] Started Permit User Sessions.
         Starting Hold until boot process finishes up...
         Starting Terminate Plymouth Boot Screen...
[   13.843190] cloud-init[889]: |    .         ..o|
[   13.889000] cloud-init[889]: +----[SHA256]-----+
         Starting Authorization Manager...
[[0;32m  OK  [0m] Started Unattended Upgrades Shutdown.
[[0;32m  OK  [0m] Started Hold until boot process finishes up.
[[0;32m  OK  [0m] Started Terminate Plymouth Boot Screen.
[[0;32m  OK  [0m] Started Serial Getty on ttyS0.
         Starting Set console scheme...
[[0;32m  OK  [0m] Started Authorization Manager.
[[0;32m  OK  [0m] Started Accounts Service.
[[0;32m  OK  [0m] Started LSB: automatic crash report generation.
[[0;32m  OK  [0m] Started Set console scheme.
[[0;32m  OK  [0m] Created slice system-getty.slice.
[[0;32m  OK  [0m] Started Getty on tty1.
[[0;32m  OK  [0m] Reached target Login Prompts.
[[0;32m  OK  [0m] Started Virtualbox guest utils.
[[0;32m  OK  [0m] Started LSB: Record successful boot for GRUB.
[[0;32m  OK  [0m] Started LXD - container startup/shutdown.
[[0;32m  OK  [0m] Started Dispatcher daemon for systemd-networkd.
[[0;32m  OK  [0m] Started Snap Daemon.
         Starting Wait until snapd is fully seeded...
         Starting Time & Date Service...
[[0;32m  OK  [0m] Started Time & Date Service.
[[0;32m  OK  [0m] Started Pollinate to seed the pseudo random number generator.
         Starting OpenBSD Secure Shell server...
[[0;32m  OK  [0m] Started OpenBSD Secure Shell server.
[[0;32m  OK  [0m] Created slice User Slice of vagrant.
         Starting User Manager for UID 1000...
[[0;32m  OK  [0m] Started Session 1 of user vagrant.
[[0;32m  OK  [0m] Started User Manager for UID 1000.
[[0;32m  OK  [0m] Started Wait until snapd is fully seeded.
         Starting Apply the settings specified in cloud-config...
[   18.816784] cloud-init[1370]: Cloud-init v. 23.1.2-0ubuntu0~18.04.1 running 'modules:config' at Fri, 13 Oct 2023 07:59:32 +0000. Up 18.08 seconds.
[[0;32m  OK  [0m] Started Apply the settings specified in cloud-config.
[[0;32m  OK  [0m] Reached target Multi-User System.
[[0;32m  OK  [0m] Reached target Graphical Interface.
         Starting Execute cloud user/final scripts...
         Starting Update UTMP about System Runlevel Changes...
ci-info: no authorized SSH keys fingerprints found for user ubuntu.
<14>Oct 13 07:59:34 cloud-init: #############################################################
<14>Oct 13 07:59:34 cloud-init: -----BEGIN SSH HOST KEY FINGERPRINTS-----
<14>Oct 13 07:59:34 cloud-init: 1024 SHA256:MdwzG44tUTH8+T02PRucYPEc88IRsfj5xJxGJ11R7K8 root@ubuntu-bionic (DSA)
<14>Oct 13 07:59:34 cloud-init: 256 SHA256:x+RSz0AlWqWmq5Rwv4C/SGGeDYPyPgNfGXIa0Ddq6u0 root@ubuntu-bionic (ECDSA)
<14>Oct 13 07:59:34 cloud-init: 256 SHA256:8N2LoWIaJtdd7DSyhnTW9ybVjun3BFbYVkqa4plMVD0 root@ubuntu-bionic (ED25519)
<14>Oct 13 07:59:34 cloud-init: 2048 SHA256:PT5IiFCNNxSG7iVdIDLe0y2U2Yt3pQKUEc+pO8Sf9Ac root@ubuntu-bionic (RSA)
<14>Oct 13 07:59:34 cloud-init: -----END SSH HOST KEY FINGERPRINTS-----
<14>Oct 13 07:59:34 cloud-init: #############################################################
-----BEGIN SSH HOST KEY KEYS-----
ecdsa-sha2-nistp256 AAAAE2VjZHNhLXNoYTItbmlzdHAyNTYAAAAIbmlzdHAyNTYAAABBBB8Po2lYj2hkknJrZoDlZmu2smVFTHvG0spNmT9XTrY6FDUvZ/Awvnfi6SGnJ54fWehwXcLKjiOy/g1KzZZ09RQ= root@ubuntu-bionic
ssh-ed25519 AAAAC3NzaC1lZDI1NTE5AAAAICKNlgef7rTxZEnYplJkcg0kIroWCgiiSYTiGcy9gtPJ root@ubuntu-bionic
ssh-rsa AAAAB3NzaC1yc2EAAAADAQABAAABAQDhHRwSr9I5EZn7Rr6+sPoL8aLodxGgXc1b13u1XGZEdwKq6Rc3gomAev3TbppKNx51B2BkM4JRTttAap21lYQ/u4OEhUAvGFKLNXVkvnoxoKWp8D7BRr0Z+AzUZ0m2kQ4Rq0cZGgsRtUZVdQ2Q6qNTeWeFMj9z3yIuLQ/0hufXQ6QxrxNFkgEmFsC9PkVyBTcyiQTTLgTTXIr6U0l9gY8dBFqINlkE3i5uTKBYwyCtg2d51LUip3wZ94cLYTVA8wm0dxDwpw8Xxg78Fp68WRd4DDUEufHAM8qHDfjkz2umcfAHJgdILrFNGChubIJsXEtTNVt+ERHHg9Z42LJ2JZ1L root@ubuntu-bionic
-----END SSH HOST KEY KEYS-----
[   19.838124] cloud-init[1477]: Cloud-init v. 23.1.2-0ubuntu0~18.04.1 running 'modules:final' at Fri, 13 Oct 2023 07:59:34 +0000. Up 19.52 seconds.
[   19.839433] cloud-init[1477]: Cloud-init v. 23.1.2-0ubuntu0~18.04.1 finished at Fri, 13 Oct 2023 07:59:34 +0000. Datasource DataSourceNoCloud [seed=/dev/sdb][dsmode=net].  Up 19.81 seconds

Ubuntu 18.04.6 LTS ubuntu-bionic ttyS0

ubuntu-bionic login: 